<?xml version="1.0" encoding="UTF-8"?>
<!-- Generated by org.testng.reporters.JUnitReportReporter -->
<testsuite name="com.test.sony.TestCases.TC003_ContactsPageClassTest" tests="1" time="21.138" ignored="0" failures="0" timestamp="10 Mar 2018 18:38:23 GMT" skipped="0" hostname="My-PC" errors="0">
  <testcase name="verifyContactsLabelTest" time="21.138" classname="com.test.sony.TestCases.TC003_ContactsPageClassTest"/>
</testsuite> <!-- com.test.sony.TestCases.TC003_ContactsPageClassTest -->
