<?xml version="1.0" encoding="UTF-8"?>
<!-- Generated by org.testng.reporters.JUnitReportReporter -->
<testsuite name="com.test.sony.TestCases.TC001_LoginPageClassTest" tests="3" time="43.056" ignored="0" failures="0" timestamp="11 Mar 2018 11:48:10 GMT" skipped="0" hostname="My-PC" errors="0">
  <testcase name="loginTest" time="17.785" classname="com.test.sony.TestCases.TC001_LoginPageClassTest"/>
  <testcase name="loginPageTitleTest" time="11.887" classname="com.test.sony.TestCases.TC001_LoginPageClassTest"/>
  <testcase name="crmLogoImagetest" time="13.384" classname="com.test.sony.TestCases.TC001_LoginPageClassTest"/>
</testsuite> <!-- com.test.sony.TestCases.TC001_LoginPageClassTest -->
